<?xml version="1.0" encoding="UTF-8" ?>
<testsuite failures="0" time="0.002" errors="0" skipped="0" tests="0" name="com.example.sample.sas.action.HelloActionTest">
  <properties>
    <property name="java.runtime.name" value="Java(TM) SE Runtime Environment"/>
    <property name="sun.boot.library.path" value="/System/Library/Java/JavaVirtualMachines/1.6.0.jdk/Contents/Libraries"/>
    <property name="java.vm.version" value="20.10-b01-428"/>
    <property name="awt.nativeDoubleBuffering" value="true"/>
    <property name="gopherProxySet" value="false"/>
    <property name="mrj.build" value="11M3811"/>
    <property name="java.vm.vendor" value="Apple Inc."/>
    <property name="java.vendor.url" value="http://www.apple.com/"/>
    <property name="path.separator" value=":"/>
    <property name="java.vm.name" value="Java HotSpot(TM) 64-Bit Server VM"/>
    <property name="file.encoding.pkg" value="sun.io"/>
    <property name="user.country" value="JP"/>
    <property name="sun.java.launcher" value="SUN_STANDARD"/>
    <property name="sun.os.patch.level" value="unknown"/>
    <property name="java.vm.specification.name" value="Java Virtual Machine Specification"/>
    <property name="user.dir" value="/Users/thata/c/temp/sas"/>
    <property name="java.runtime.version" value="1.6.0_35-b10-428-11M3811"/>
    <property name="java.awt.graphicsenv" value="apple.awt.CGraphicsEnvironment"/>
    <property name="basedir" value="/Users/thata/c/temp/sas"/>
    <property name="java.endorsed.dirs" value="/System/Library/Java/JavaVirtualMachines/1.6.0.jdk/Contents/Home/lib/endorsed"/>
    <property name="os.arch" value="x86_64"/>
    <property name="surefire.real.class.path" value="/Users/thata/c/temp/sas/target/surefire/surefirebooter4756580982453443816.jar"/>
    <property name="java.io.tmpdir" value="/var/folders/dr/_h6l_th94bq5b5_pn43nq0jm0000gn/T/"/>
    <property name="line.separator" value="
"/>
    <property name="java.vm.specification.vendor" value="Sun Microsystems Inc."/>
    <property name="os.name" value="Mac OS X"/>
    <property name="sun.jnu.encoding" value="SJIS"/>
    <property name="java.library.path" value=".:/Library/Java/Extensions:/System/Library/Java/Extensions:/usr/lib/java"/>
    <property name="surefire.test.class.path" value="/Users/thata/c/temp/sas/target/test-classes:/Users/thata/c/temp/sas/target/classes:/Users/thata/.m2/repository/org/scala-lang/scala-compiler/2.9.2/scala-compiler-2.9.2.jar:/Users/thata/.m2/repository/org/scala-lang/scala-library/2.9.2/scala-library-2.9.2.jar:/Users/thata/.m2/repository/javax/servlet/jstl/1.1.2/jstl-1.1.2.jar:/Users/thata/.m2/repository/taglibs/standard/1.1.2/standard-1.1.2.jar:/Users/thata/.m2/repository/commons-collections/commons-collections/3.1/commons-collections-3.1.jar:/Users/thata/.m2/repository/commons-el/commons-el/1.0/commons-el-1.0.jar:/Users/thata/.m2/repository/commons-fileupload/commons-fileupload/1.2/commons-fileupload-1.2.jar:/Users/thata/.m2/repository/commons-io/commons-io/1.3.2/commons-io-1.3.2.jar:/Users/thata/.m2/repository/commons-logging/commons-logging/1.1/commons-logging-1.1.jar:/Users/thata/.m2/repository/commons-validator/commons-validator/1.2.0/commons-validator-1.2.0.jar:/Users/thata/.m2/repository/commons-beanutils/commons-beanutils/1.7.0/commons-beanutils-1.7.0.jar:/Users/thata/.m2/repository/commons-digester/commons-digester/1.6/commons-digester-1.6.jar:/Users/thata/.m2/repository/oro/oro/2.0.8/oro-2.0.8.jar:/Users/thata/.m2/repository/log4j/log4j/1.2.13/log4j-1.2.13.jar:/Users/thata/.m2/repository/org/seasar/sastruts/sa-struts/1.0.4-sp9/sa-struts-1.0.4-sp9.jar:/Users/thata/.m2/repository/struts/struts/1.2.9/struts-1.2.9.jar:/Users/thata/.m2/repository/antlr/antlr/2.7.2/antlr-2.7.2.jar:/Users/thata/.m2/repository/org/seasar/container/s2-tiger/2.4.44/s2-tiger-2.4.44.jar:/Users/thata/.m2/repository/org/seasar/container/s2-extension/2.4.44/s2-extension-2.4.44.jar:/Users/thata/.m2/repository/org/seasar/container/s2-framework/2.4.44/s2-framework-2.4.44.jar:/Users/thata/.m2/repository/aopalliance/aopalliance/1.0/aopalliance-1.0.jar:/Users/thata/.m2/repository/jboss/javassist/3.4.ga/javassist-3.4.ga.jar:/Users/thata/.m2/repository/ognl/ognl/2.6.9-patch-20090427/ognl-2.6.9-patch-20090427.jar:/Users/thata/.m2/repository/org/apache/poi/poi/3.0-FINAL/poi-3.0-FINAL.jar:/Users/thata/.m2/repository/org/apache/geronimo/specs/geronimo-annotation_1.0_spec/1.0/geronimo-annotation_1.0_spec-1.0.jar:/Users/thata/.m2/repository/org/apache/geronimo/specs/geronimo-ejb_3.0_spec/1.0/geronimo-ejb_3.0_spec-1.0.jar:/Users/thata/.m2/repository/org/apache/geronimo/specs/geronimo-interceptor_3.0_spec/1.0/geronimo-interceptor_3.0_spec-1.0.jar:/Users/thata/.m2/repository/org/apache/geronimo/specs/geronimo-jpa_3.0_spec/1.0/geronimo-jpa_3.0_spec-1.0.jar:/Users/thata/.m2/repository/org/apache/geronimo/specs/geronimo-jta_1.1_spec/1.0/geronimo-jta_1.1_spec-1.0.jar:/Users/thata/.m2/repository/org/apache/geronimo/specs/geronimo-jsp_2.0_spec/1.0/geronimo-jsp_2.0_spec-1.0.jar:/Users/thata/.m2/repository/org/apache/geronimo/specs/geronimo-servlet_2.4_spec/1.0/geronimo-servlet_2.4_spec-1.0.jar:/Users/thata/.m2/repository/junit/junit/3.8.2/junit-3.8.2.jar:/Users/thata/.m2/repository/org/easymock/easymock/2.2/easymock-2.2.jar:/Users/thata/.m2/repository/xalan/xalan/2.5.1/xalan-2.5.1.jar:/Users/thata/.m2/repository/xml-apis/xml-apis/1.0.b2/xml-apis-1.0.b2.jar:"/>
    <property name="java.specification.name" value="Java Platform API Specification"/>
    <property name="java.class.version" value="50.0"/>
    <property name="sun.management.compiler" value="HotSpot 64-Bit Tiered Compilers"/>
    <property name="os.version" value="10.7.5"/>
    <property name="http.nonProxyHosts" value="local|*.local|169.254/16|*.169.254/16"/>
    <property name="user.home" value="/Users/thata"/>
    <property name="user.timezone" value=""/>
    <property name="java.awt.printerjob" value="apple.awt.CPrinterJob"/>
    <property name="java.specification.version" value="1.6"/>
    <property name="file.encoding" value="SJIS"/>
    <property name="user.name" value="thata"/>
    <property name="java.class.path" value="/Users/thata/c/temp/sas/target/test-classes:/Users/thata/c/temp/sas/target/classes:/Users/thata/.m2/repository/org/scala-lang/scala-compiler/2.9.2/scala-compiler-2.9.2.jar:/Users/thata/.m2/repository/org/scala-lang/scala-library/2.9.2/scala-library-2.9.2.jar:/Users/thata/.m2/repository/javax/servlet/jstl/1.1.2/jstl-1.1.2.jar:/Users/thata/.m2/repository/taglibs/standard/1.1.2/standard-1.1.2.jar:/Users/thata/.m2/repository/commons-collections/commons-collections/3.1/commons-collections-3.1.jar:/Users/thata/.m2/repository/commons-el/commons-el/1.0/commons-el-1.0.jar:/Users/thata/.m2/repository/commons-fileupload/commons-fileupload/1.2/commons-fileupload-1.2.jar:/Users/thata/.m2/repository/commons-io/commons-io/1.3.2/commons-io-1.3.2.jar:/Users/thata/.m2/repository/commons-logging/commons-logging/1.1/commons-logging-1.1.jar:/Users/thata/.m2/repository/commons-validator/commons-validator/1.2.0/commons-validator-1.2.0.jar:/Users/thata/.m2/repository/commons-beanutils/commons-beanutils/1.7.0/commons-beanutils-1.7.0.jar:/Users/thata/.m2/repository/commons-digester/commons-digester/1.6/commons-digester-1.6.jar:/Users/thata/.m2/repository/oro/oro/2.0.8/oro-2.0.8.jar:/Users/thata/.m2/repository/log4j/log4j/1.2.13/log4j-1.2.13.jar:/Users/thata/.m2/repository/org/seasar/sastruts/sa-struts/1.0.4-sp9/sa-struts-1.0.4-sp9.jar:/Users/thata/.m2/repository/struts/struts/1.2.9/struts-1.2.9.jar:/Users/thata/.m2/repository/antlr/antlr/2.7.2/antlr-2.7.2.jar:/Users/thata/.m2/repository/org/seasar/container/s2-tiger/2.4.44/s2-tiger-2.4.44.jar:/Users/thata/.m2/repository/org/seasar/container/s2-extension/2.4.44/s2-extension-2.4.44.jar:/Users/thata/.m2/repository/org/seasar/container/s2-framework/2.4.44/s2-framework-2.4.44.jar:/Users/thata/.m2/repository/aopalliance/aopalliance/1.0/aopalliance-1.0.jar:/Users/thata/.m2/repository/jboss/javassist/3.4.ga/javassist-3.4.ga.jar:/Users/thata/.m2/repository/ognl/ognl/2.6.9-patch-20090427/ognl-2.6.9-patch-20090427.jar:/Users/thata/.m2/repository/org/apache/poi/poi/3.0-FINAL/poi-3.0-FINAL.jar:/Users/thata/.m2/repository/org/apache/geronimo/specs/geronimo-annotation_1.0_spec/1.0/geronimo-annotation_1.0_spec-1.0.jar:/Users/thata/.m2/repository/org/apache/geronimo/specs/geronimo-ejb_3.0_spec/1.0/geronimo-ejb_3.0_spec-1.0.jar:/Users/thata/.m2/repository/org/apache/geronimo/specs/geronimo-interceptor_3.0_spec/1.0/geronimo-interceptor_3.0_spec-1.0.jar:/Users/thata/.m2/repository/org/apache/geronimo/specs/geronimo-jpa_3.0_spec/1.0/geronimo-jpa_3.0_spec-1.0.jar:/Users/thata/.m2/repository/org/apache/geronimo/specs/geronimo-jta_1.1_spec/1.0/geronimo-jta_1.1_spec-1.0.jar:/Users/thata/.m2/repository/org/apache/geronimo/specs/geronimo-jsp_2.0_spec/1.0/geronimo-jsp_2.0_spec-1.0.jar:/Users/thata/.m2/repository/org/apache/geronimo/specs/geronimo-servlet_2.4_spec/1.0/geronimo-servlet_2.4_spec-1.0.jar:/Users/thata/.m2/repository/junit/junit/3.8.2/junit-3.8.2.jar:/Users/thata/.m2/repository/org/easymock/easymock/2.2/easymock-2.2.jar:/Users/thata/.m2/repository/xalan/xalan/2.5.1/xalan-2.5.1.jar:/Users/thata/.m2/repository/xml-apis/xml-apis/1.0.b2/xml-apis-1.0.b2.jar:"/>
    <property name="java.vm.specification.version" value="1.0"/>
    <property name="sun.arch.data.model" value="64"/>
    <property name="java.home" value="/System/Library/Java/JavaVirtualMachines/1.6.0.jdk/Contents/Home"/>
    <property name="sun.java.command" value="/Users/thata/c/temp/sas/target/surefire/surefirebooter4756580982453443816.jar /Users/thata/c/temp/sas/target/surefire/surefire6013465599129985647tmp /Users/thata/c/temp/sas/target/surefire/surefire340952705452356493tmp"/>
    <property name="java.specification.vendor" value="Sun Microsystems Inc."/>
    <property name="user.language" value="ja"/>
    <property name="awt.toolkit" value="apple.awt.CToolkit"/>
    <property name="java.vm.info" value="mixed mode"/>
    <property name="java.version" value="1.6.0_35"/>
    <property name="java.ext.dirs" value="/Library/Java/Extensions:/System/Library/Java/Extensions:/System/Library/Java/JavaVirtualMachines/1.6.0.jdk/Contents/Home/lib/ext"/>
    <property name="sun.boot.class.path" value="/System/Library/Java/JavaVirtualMachines/1.6.0.jdk/Contents/Classes/jsfd.jar:/System/Library/Java/JavaVirtualMachines/1.6.0.jdk/Contents/Classes/classes.jar:/System/Library/Frameworks/JavaVM.framework/Frameworks/JavaRuntimeSupport.framework/Resources/Java/JavaRuntimeSupport.jar:/System/Library/Java/JavaVirtualMachines/1.6.0.jdk/Contents/Classes/ui.jar:/System/Library/Java/JavaVirtualMachines/1.6.0.jdk/Contents/Classes/laf.jar:/System/Library/Java/JavaVirtualMachines/1.6.0.jdk/Contents/Classes/sunrsasign.jar:/System/Library/Java/JavaVirtualMachines/1.6.0.jdk/Contents/Classes/jsse.jar:/System/Library/Java/JavaVirtualMachines/1.6.0.jdk/Contents/Classes/jce.jar:/System/Library/Java/JavaVirtualMachines/1.6.0.jdk/Contents/Classes/charsets.jar"/>
    <property name="java.vendor" value="Apple Inc."/>
    <property name="localRepository" value="/Users/thata/.m2/repository"/>
    <property name="file.separator" value="/"/>
    <property name="java.vendor.url.bug" value="http://bugreport.apple.com/"/>
    <property name="sun.cpu.endian" value="little"/>
    <property name="sun.io.unicode.encoding" value="UnicodeLittle"/>
    <property name="mrj.version" value="1070.1.6.0_35-428"/>
    <property name="socksNonProxyHosts" value="local|*.local|169.254/16|*.169.254/16"/>
    <property name="ftp.nonProxyHosts" value="local|*.local|169.254/16|*.169.254/16"/>
    <property name="sun.cpu.isalist" value=""/>
  </properties>
</testsuite>